Assuming unrestricted shared filesystem usage.
host: ╨звс
Building DAG of jobs...
Provided cores: 2
Rules claiming more threads will be scaled down.
Job stats:
job            count
-----------  -------
all                1
clean_osint        1
figures            1
integrate          1
total              4

Select jobs to execute...
Execute 1 jobs...
[Mon Dec  8 19:10:01 2025]
localrule clean_osint:
    input: data/raw/osint_ai_centers_raw.csv
    output: data/interim/osint_ai_cleaned.csv
    jobid: 2
    reason: Missing output files: data/interim/osint_ai_cleaned.csv; Code has changed since last execution
    resources: tmpdir=C:\Users\24366\AppData\Local\Temp
[Mon Dec  8 19:10:02 2025]
Finished jobid: 2 (Rule: clean_osint)
1 of 4 steps (25%) done
Select jobs to execute...
Execute 1 jobs...
[Mon Dec  8 19:10:02 2025]
localrule integrate:
    input: data/interim/osint_ai_cleaned.csv
    output: data/processed/integrated_master_dataset.csv, data/processed/summary_regional_statistics.csv
    jobid: 1
    reason: Missing output files: data/processed/summary_regional_statistics.csv, data/processed/integrated_master_dataset.csv; Input files updated by another job: data/interim/osint_ai_cleaned.csv
    resources: tmpdir=C:\Users\24366\AppData\Local\Temp
[Mon Dec  8 19:10:02 2025]
Finished jobid: 1 (Rule: integrate)
2 of 4 steps (50%) done
Select jobs to execute...
Execute 1 jobs...
[Mon Dec  8 19:10:02 2025]
localrule figures:
    input: data/processed/integrated_master_dataset.csv
    output: results/figures/fig1_choropleth.png, results/figures/fig2_scatter_mw_vs_renewable.png, results/figures/fig3_heatmap.png, results/figures/fig4_top10_power.png, results/figures/fig5_renewable_vs_nonrenewable.png, results/figures/fig6_timeseries_growth.png
    jobid: 3
    reason: Missing output files: results/figures/fig3_heatmap.png, results/figures/fig5_renewable_vs_nonrenewable.png, results/figures/fig2_scatter_mw_vs_renewable.png, results/figures/fig1_choropleth.png, results/figures/fig4_top10_power.png, results/figures/fig6_timeseries_growth.png; Input files updated by another job: data/processed/integrated_master_dataset.csv
    resources: tmpdir=C:\Users\24366\AppData\Local\Temp
RuleException:
TypeError in file "D:\Github\IS477 Final\is477project\workflows\Snakefile", line 110:
expected string or bytes-like object, got 'NoneType'
  File "D:\Github\IS477 Final\is477project\workflows\Snakefile", line 110, in __rule_figures
  File "C:\Users\24366\.conda\envs\ai-grid-project\Lib\site-packages\matplotlib\pyplot.py", line 1041, in figure
  File "C:\Users\24366\.conda\envs\ai-grid-project\Lib\site-packages\matplotlib\pyplot.py", line 550, in new_figure_manager
  File "C:\Users\24366\.conda\envs\ai-grid-project\Lib\site-packages\matplotlib\pyplot.py", line 542, in _warn_if_gui_out_of_main_thread
  File "C:\Users\24366\.conda\envs\ai-grid-project\Lib\site-packages\matplotlib\_api\__init__.py", line 383, in warn_external
  File "C:\Users\24366\.conda\envs\ai-grid-project\Lib\re\__init__.py", line 166, in match
[Mon Dec  8 19:10:03 2025]
Error in rule figures:
    message: None
    jobid: 3
    input: data/processed/integrated_master_dataset.csv
    output: results/figures/fig1_choropleth.png, results/figures/fig2_scatter_mw_vs_renewable.png, results/figures/fig3_heatmap.png, results/figures/fig4_top10_power.png, results/figures/fig5_renewable_vs_nonrenewable.png, results/figures/fig6_timeseries_growth.png
Shutting down, this might take some time.
Exiting because a job execution failed. Look below for error messages
[Mon Dec  8 19:10:03 2025]
Error in rule figures:
    message: None
    jobid: 3
    input: data/processed/integrated_master_dataset.csv
    output: results/figures/fig1_choropleth.png, results/figures/fig2_scatter_mw_vs_renewable.png, results/figures/fig3_heatmap.png, results/figures/fig4_top10_power.png, results/figures/fig5_renewable_vs_nonrenewable.png, results/figures/fig6_timeseries_growth.png
Complete log(s): D:\Github\IS477 Final\is477project\workflows\.snakemake\log\2025-12-08T191001.518257.snakemake.log
WorkflowError:
At least one job did not complete successfully.
